Task Complete
Feature: Test Menu Cron Jobs and Generate Working Menu
Workers: Engineering Manager (direct execution)
Duration: ~2 minutes
Status: SUCCESS

Deliverables:
- Verification script created: src/verify_cron_jobs.js
- Both cron jobs verified: Menu Generator & Menu Reviewer
- Weekly menu generated: 21 meals (2026-W06)
- Grocery list: 150+ ingredients
- Virtual pantry: Generated
- GitHub Pages: Published and accessible
- Final report: final_report.md

Working Menu Link: https://stasik5.github.io/weekly-menu/

Issues:
- Minor: web_search tool not available from Node.js (used fallback templates)
- Resolved: Git pull conflict handled automatically

Verification Results:
✅ Menu Generator job verified (ID: 425cb200-a4b9-4120-bff4-5aea2b23f6e8)
✅ Menu Reviewer job verified (ID: 6bd66f67-52a3-40af-81a5-8fe90cb7f85e)
✅ Menu generation successful (21 meals, 62% Slavic / 38% Asian)
✅ GitHub Pages published (commit: 1ca7b75)
